[09/05/20-00:10:24]:Error linea: 0->Fecha invalida
[09/05/20-00:10:24]:Error linea: 1->La linea esta vacia, se ignora
[09/05/20-00:10:24]:Error linea: 2->Nombre invalido
[09/05/20-00:10:24]:Error linea: 3->Nivel de partida invalido
[09/05/20-00:10:24]:Error linea: 4->Fecha invalida
[09/05/20-00:10:24]:Error linea: 5->Tiempo invalido
[09/05/20-00:10:24]:Error linea: 6->Resultado invalido
[09/05/20-00:12:46]:Error linea: 0->Fecha invalida
[09/05/20-00:12:46]:Error linea: 1->La linea esta vacia, se ignora
[09/05/20-00:12:46]:Error linea: 2->Nombre invalido
[09/05/20-00:12:46]:Error linea: 3->Nivel de partida invalido
[09/05/20-00:12:46]:Error linea: 4->Fecha invalida
[09/05/20-00:12:46]:Error linea: 5->Tiempo invalido
[09/05/20-00:12:46]:Error linea: 6->Resultado invalido
[09/05/20-00:13:16]:Error linea: 0->Fecha invalida
[09/05/20-00:13:16]:Error linea: 1->La linea esta vacia, se ignora
[09/05/20-00:13:16]:Error linea: 2->Nombre invalido
[09/05/20-00:13:16]:Error linea: 3->Nivel de partida invalido
[09/05/20-00:13:16]:Error linea: 4->Fecha invalida
[09/05/20-00:13:16]:Error linea: 5->Tiempo invalido
[09/05/20-00:13:16]:Error linea: 6->Resultado invalido
[09/05/20-00:13:32]:Error linea: 0->Fecha invalida
[09/05/20-00:13:32]:Error linea: 1->La linea esta vacia, se ignora
[09/05/20-00:13:32]:Error linea: 2->Nombre invalido
[09/05/20-00:13:32]:Error linea: 3->Nivel de partida invalido
[09/05/20-00:13:32]:Error linea: 4->Fecha invalida
[09/05/20-00:13:32]:Error linea: 5->Tiempo invalido
[09/05/20-00:13:32]:Error linea: 6->Resultado invalido
[09/05/20-00:14:34]:Error linea: 0->Fecha invalida
[09/05/20-00:14:34]:Error linea: 1->La linea esta vacia, se ignora
[09/05/20-00:14:34]:Error linea: 2->Nombre invalido
[09/05/20-00:14:34]:Error linea: 3->Nivel de partida invalido
[09/05/20-00:14:34]:Error linea: 4->Fecha invalida
[09/05/20-00:14:34]:Error linea: 5->Tiempo invalido
[09/05/20-00:14:34]:Error linea: 6->Resultado invalido
[09/05/20-00:54:18]:Error linea: 0->Fecha invalida
[09/05/20-00:54:18]:Error linea: 1->La linea esta vacia, se ignora
[09/05/20-00:54:18]:Error linea: 2->Nombre invalido
[09/05/20-00:54:18]:Error linea: 3->Nivel de partida invalido
[09/05/20-00:54:18]:Error linea: 4->Fecha invalida
[09/05/20-00:54:18]:Error linea: 5->Tiempo invalido
[09/05/20-00:54:18]:Error linea: 6->Resultado invalido
[09/05/20-13:49:43]:Error linea: 0->Fecha invalida
[09/05/20-13:49:43]:Error linea: 1->La linea esta vacia, se ignora
[09/05/20-13:49:43]:Error linea: 2->Nombre invalido
[09/05/20-13:49:43]:Error linea: 3->Nivel de partida invalido
[09/05/20-13:49:43]:Error linea: 4->Fecha invalida
[09/05/20-13:49:43]:Error linea: 5->Tiempo invalido
[09/05/20-13:49:43]:Error linea: 6->Resultado invalido
